<?xml version="1.0" encoding="UTF-8"?>
<testng-results skipped="1" failed="0" total="1" passed="0">
  <reporter-output>
  </reporter-output>
  <suite name="Default suite" duration-ms="20" started-at="2017-01-20T02:28:24Z" finished-at="2017-01-20T02:28:24Z">
    <groups>
    </groups>
    <test name="Default test" duration-ms="20" started-at="2017-01-20T02:28:24Z" finished-at="2017-01-20T02:28:24Z">
      <class name="com.appium.hefanlive.TestCase">
        <test-method status="FAIL" signature="setUp()[pri:0, instance:com.appium.hefanlive.TestCase@e25b2fe]" name="setUp" is-config="true" duration-ms="0" started-at="2017-01-20T10:28:23Z" finished-at="2017-01-20T10:28:23Z">
          <exception class="org.openqa.selenium.remote.UnreachableBrowserException">
            <message>
              <![CDATA[Could not start a new session. Possible causes are invalid address of the remote server or browser start-up failure.
Build info: version: '2.49.0', revision: '365eeb4', time: '2016-01-13 18:33:29'
System info: host: 'DESKTOP-6LJO1BM', ip: '192.168.1.165', os.name: 'Windows 10', os.arch: 'amd64', os.version: '10.0', java.version: '1.8.0_101'
Driver info: driver.version: AndroidDriver]]>
            </message>
            <full-stacktrace>
              <![CDATA[org.openqa.selenium.remote.UnreachableBrowserException: Could not start a new session. Possible causes are invalid address of the remote server or browser start-up failure.
Build info: version: '2.49.0', revision: '365eeb4', time: '2016-01-13 18:33:29'
System info: host: 'DESKTOP-6LJO1BM', ip: '192.168.1.165', os.name: 'Windows 10', os.arch: 'amd64', os.version: '10.0', java.version: '1.8.0_101'
Driver info: driver.version: AndroidDriver
	at org.openqa.selenium.remote.RemoteWebDriver.execute(RemoteWebDriver.java:665)
	at io.appium.java_client.DefaultGenericMobileDriver.execute(DefaultGenericMobileDriver.java:40)
	at io.appium.java_client.AppiumDriver.execute(AppiumDriver.java:1)
	at io.appium.java_client.android.AndroidDriver.execute(AndroidDriver.java:1)
	at org.openqa.selenium.remote.RemoteWebDriver.startSession(RemoteWebDriver.java:249)
	at org.openqa.selenium.remote.RemoteWebDriver.<init>(RemoteWebDriver.java:131)
	at org.openqa.selenium.remote.RemoteWebDriver.<init>(RemoteWebDriver.java:144)
	at io.appium.java_client.DefaultGenericMobileDriver.<init>(DefaultGenericMobileDriver.java:36)
	at io.appium.java_client.AppiumDriver.<init>(AppiumDriver.java:114)
	at io.appium.java_client.AppiumDriver.<init>(AppiumDriver.java:132)
	at io.appium.java_client.android.AndroidDriver.<init>(AndroidDriver.java:92)
	at com.appium.hefanlive.TestCase.setUp(TestCase.java:44)
	at sun.reflect.NativeMethodAccessorImpl.invoke0(Native Method)
	at sun.reflect.NativeMethodAccessorImpl.invoke(Unknown Source)
	at sun.reflect.DelegatingMethodAccessorImpl.invoke(Unknown Source)
	at java.lang.reflect.Method.invoke(Unknown Source)
	at org.testng.internal.MethodInvocationHelper.invokeMethod(MethodInvocationHelper.java:85)
	at org.testng.internal.Invoker.invokeConfigurationMethod(Invoker.java:510)
	at org.testng.internal.Invoker.invokeConfigurations(Invoker.java:211)
	at org.testng.internal.Invoker.invokeConfigurations(Invoker.java:138)
	at org.testng.SuiteRunner.privateRun(SuiteRunner.java:298)
	at org.testng.SuiteRunner.run(SuiteRunner.java:261)
	at org.testng.SuiteRunnerWorker.runSuite(SuiteRunnerWorker.java:52)
	at org.testng.SuiteRunnerWorker.run(SuiteRunnerWorker.java:86)
	at org.testng.TestNG.runSuitesSequentially(TestNG.java:1215)
	at org.testng.TestNG.runSuitesLocally(TestNG.java:1140)
	at org.testng.TestNG.run(TestNG.java:1048)
	at org.testng.remote.AbstractRemoteTestNG.run(AbstractRemoteTestNG.java:126)
	at org.testng.remote.RemoteTestNG.initAndRun(RemoteTestNG.java:152)
	at org.testng.remote.RemoteTestNG.main(RemoteTestNG.java:57)
Caused by: org.openqa.selenium.WebDriverException: org.apache.http.conn.HttpHostConnectException: Connect to 127.0.0.1:4723 [/127.0.0.1] failed: Connection refused: connect
Build info: version: '2.49.0', revision: '365eeb4', time: '2016-01-13 18:33:29'
System info: host: 'DESKTOP-6LJO1BM', ip: '192.168.1.165', os.name: 'Windows 10', os.arch: 'amd64', os.version: '10.0', java.version: '1.8.0_101'
Driver info: driver.version: AndroidDriver
	at io.appium.java_client.remote.AppiumCommandExecutor.execute(AppiumCommandExecutor.java:84)
	at org.openqa.selenium.remote.RemoteWebDriver.execute(RemoteWebDriver.java:644)
	... 29 more
Caused by: org.apache.http.conn.HttpHostConnectException: Connect to 127.0.0.1:4723 [/127.0.0.1] failed: Connection refused: connect
	at org.apache.http.impl.conn.DefaultHttpClientConnectionOperator.connect(DefaultHttpClientConnectionOperator.java:151)
	at org.apache.http.impl.conn.PoolingHttpClientConnectionManager.connect(PoolingHttpClientConnectionManager.java:353)
	at org.apache.http.impl.execchain.MainClientExec.establishRoute(MainClientExec.java:380)
	at org.apache.http.impl.execchain.MainClientExec.execute(MainClientExec.java:236)
	at org.apache.http.impl.execchain.ProtocolExec.execute(ProtocolExec.java:184)
	at org.apache.http.impl.execchain.RetryExec.execute(RetryExec.java:88)
	at org.apache.http.impl.execchain.RedirectExec.execute(RedirectExec.java:110)
	at org.apache.http.impl.client.InternalHttpClient.doExecute(InternalHttpClient.java:184)
	at org.apache.http.impl.client.CloseableHttpClient.execute(CloseableHttpClient.java:71)
	at org.apache.http.impl.client.CloseableHttpClient.execute(CloseableHttpClient.java:55)
	at org.openqa.selenium.remote.internal.ApacheHttpClient.fallBackExecute(ApacheHttpClient.java:143)
	at org.openqa.selenium.remote.internal.ApacheHttpClient.execute(ApacheHttpClient.java:89)
	at org.openqa.selenium.remote.HttpCommandExecutor.execute(HttpCommandExecutor.java:142)
	at io.appium.java_client.remote.AppiumCommandExecutor.execute(AppiumCommandExecutor.java:69)
	... 30 more
Caused by: java.net.ConnectException: Connection refused: connect
	at java.net.DualStackPlainSocketImpl.waitForConnect(Native Method)
	at java.net.DualStackPlainSocketImpl.socketConnect(Unknown Source)
	at java.net.AbstractPlainSocketImpl.doConnect(Unknown Source)
	at java.net.AbstractPlainSocketImpl.connectToAddress(Unknown Source)
	at java.net.AbstractPlainSocketImpl.connect(Unknown Source)
	at java.net.PlainSocketImpl.connect(Unknown Source)
	at java.net.SocksSocketImpl.connect(Unknown Source)
	at java.net.Socket.connect(Unknown Source)
	at org.apache.http.conn.socket.PlainConnectionSocketFactory.connectSocket(PlainConnectionSocketFactory.java:74)
	at org.apache.http.impl.conn.DefaultHttpClientConnectionOperator.connect(DefaultHttpClientConnectionOperator.java:134)
	... 43 more
]]>
            </full-stacktrace>
          </exception> <!-- org.openqa.selenium.remote.UnreachableBrowserException -->
          <reporter-output>
          </reporter-output>
        </test-method> <!-- setUp -->
        <test-method status="SKIP" signature="testcase()[pri:0, instance:com.appium.hefanlive.TestCase@e25b2fe]" name="testcase" duration-ms="2" started-at="2017-01-20T10:28:24Z" finished-at="2017-01-20T10:28:24Z">
          <reporter-output>
          </reporter-output>
        </test-method> <!-- testcase -->
        <test-method status="SKIP" signature="tearDown()[pri:0, instance:com.appium.hefanlive.TestCase@e25b2fe]" name="tearDown" is-config="true" duration-ms="0" started-at="2017-01-20T10:28:24Z" finished-at="2017-01-20T10:28:24Z">
          <reporter-output>
          </reporter-output>
        </test-method> <!-- tearDown -->
      </class> <!-- com.appium.hefanlive.TestCase -->
    </test> <!-- Default test -->
  </suite> <!-- Default suite -->
</testng-results>
